
ROM used:   147/8192 (2%)
            147/8192 (2%) including unused fragments

            0.2 Average locations per line
            4.9 Average locations per statement

RAM used:   17/368 (5%) at main() level
            17/368 (5%) worst case

Stack used: 1 worst case (0 in main + 1 for interrupts)
Stack size: 8

Lines Stmts  %   Files
----- ----- ---  -----
   68    30 100  servo.c
  629     0   0  ..\..\..\..\Program Files (x86)\PICC\Devices\16f877.h
----- -----
  697    30 Total

Page ROM  %  RAM   Vol Diff  Functions:
---- --- --- ---   --- ----  ----------
0     11   7    0   165  3.1  @const615
0     39  27    0   315  4.2  kesme
0     50  34    0   354  3.8  MAIN
 Inline         0             @cinit1

Program metrics:
    Functions               3
    Statements              30
    Comments                102
    Volume (V)              1088
    Difficulty (D)          10.9
    Effort to implement (E) 11880
    Time to implement (T)   11 minutes
    Est Delivered Bugs (B)  0
    Cyclomatic Complexity   8
    Maintainability (MI)    122

 Segment     Used  Free
-----------  ----  ----
00000-00003     4  0  
00004-0002E    43  0  
0002F-007FF   100  1901  
00800-00FFF     0  2048  
01000-017FF     0  2048  
01800-01FFF     0  2048  



